[    58.688] (--) Log file renamed from "/home/arya/.local/share/xorg/Xorg.pid-1247.log" to "/home/arya/.local/share/xorg/Xorg.0.log"
[    58.689] 
X.Org X Server 1.20.1
X Protocol Version 11, Revision 0
[    58.690] Build Operating System: Linux 4.4.0-140-generic x86_64 Ubuntu
[    58.690] Current Operating System: Linux ubuntu 4.18.0-15-generic #16~18.04.1-Ubuntu SMP Thu Feb 7 14:06:04 UTC 2019 x86_64
[    58.690] Kernel command line: BOOT_IMAGE=/boot/vmlinuz-4.18.0-15-generic root=UUID=a9ef1acb-5fa3-4d7c-992c-362aa00e8010 ro find_preseed=/preseed.cfg auto noprompt priority=critical locale=en_US quiet
[    58.690] Build Date: 27 November 2018  05:27:12PM
[    58.690] xorg-server-hwe-18.04 2:1.20.1-3ubuntu2.1~18.04.1 (For technical support please see http://www.ubuntu.com/support) 
[    58.690] Current version of pixman: 0.34.0
[    58.690] 	Before reporting problems, check http://wiki.x.org
	to make sure that you have the latest version.
[    58.690] Markers: (--) probed, (**) from config file, (==) default setting,
	(++) from command line, (!!) notice, (II) informational,
	(WW) warning, (EE) error, (NI) not implemented, (??) unknown.
[    58.691] (==) Log file: "/home/arya/.local/share/xorg/Xorg.0.log", Time: Mon Jul  1 05:14:25 2019
[    58.710] (==) Using system config directory "/usr/share/X11/xorg.conf.d"
[    58.723] (==) No Layout section.  Using the first Screen section.
[    58.723] (==) No screen section available. Using defaults.
[    58.723] (**) |-->Screen "Default Screen Section" (0)
[    58.723] (**) |   |-->Monitor "<default monitor>"
[    58.724] (==) No monitor specified for screen "Default Screen Section".
	Using a default monitor configuration.
[    58.724] (==) Automatically adding devices
[    58.724] (==) Automatically enabling devices
[    58.724] (==) Automatically adding GPU devices
[    58.725] (==) Automatically binding GPU devices
[    58.725] (==) Max clients allowed: 256, resource mask: 0x1fffff
[    58.725] (WW) The directory "/usr/share/fonts/X11/cyrillic" does not exist.
[    58.725] 	Entry deleted from font path.
[    58.725] (WW) The directory "/usr/share/fonts/X11/100dpi/" does not exist.
[    58.725] 	Entry deleted from font path.
[    58.725] (WW) The directory "/usr/share/fonts/X11/75dpi/" does not exist.
[    58.725] 	Entry deleted from font path.
[    58.725] (WW) The directory "/usr/share/fonts/X11/100dpi" does not exist.
[    58.725] 	Entry deleted from font path.
[    58.725] (WW) The directory "/usr/share/fonts/X11/75dpi" does not exist.
[    58.726] 	Entry deleted from font path.
[    58.726] (==) FontPath set to:
	/usr/share/fonts/X11/misc,
	/usr/share/fonts/X11/Type1,
	built-ins
[    58.726] (==) ModulePath set to "/usr/lib/xorg/modules"
[    58.726] (II) The server relies on udev to provide the list of input devices.
	If no devices become available, reconfigure udev or disable AutoAddDevices.
[    58.726] (II) Loader magic: 0x55d2afb2a020
[    58.726] (II) Module ABI versions:
[    58.726] 	X.Org ANSI C Emulation: 0.4
[    58.726] 	X.Org Video Driver: 24.0
[    58.726] 	X.Org XInput driver : 24.1
[    58.726] 	X.Org Server Extension : 10.0
[    58.727] (++) using VT number 2

[    58.730] (II) systemd-logind: took control of session /org/freedesktop/login1/session/_32
[    58.731] (II) xfree86: Adding drm device (/dev/dri/card0)
[    58.735] (II) systemd-logind: got fd for /dev/dri/card0 226:0 fd 12 paused 0
[    58.739] (--) PCI:*(0@0:15:0) 15ad:0405:15ad:0405 rev 0, Mem @ 0xe8000000/134217728, 0xfe000000/8388608, I/O @ 0x00001070/16, BIOS @ 0x????????/131072
[    58.739] (II) LoadModule: "glx"
[    58.741] (II) Loading /usr/lib/xorg/modules/extensions/libglx.so
[    58.794] (II) Module glx: vendor="X.Org Foundation"
[    58.794] 	compiled for 1.20.1, module version = 1.0.0
[    58.794] 	ABI class: X.Org Server Extension, version 10.0
[    58.794] (==) Matched vmware as autoconfigured driver 0
[    58.794] (==) Matched modesetting as autoconfigured driver 1
[    58.794] (==) Matched fbdev as autoconfigured driver 2
[    58.795] (==) Matched vesa as autoconfigured driver 3
[    58.795] (==) Assigned the driver to the xf86ConfigLayout
[    58.795] (II) LoadModule: "vmware"
[    58.795] (II) Loading /usr/lib/xorg/modules/drivers/vmware_drv.so
[    58.879] (II) Module vmware: vendor="X.Org Foundation"
[    58.879] 	compiled for 1.20.1, module version = 13.3.0
[    58.879] 	Module class: X.Org Video Driver
[    58.879] 	ABI class: X.Org Video Driver, version 24.0
[    58.879] (II) LoadModule: "modesetting"
[    58.879] (II) Loading /usr/lib/xorg/modules/drivers/modesetting_drv.so
[    58.898] (II) Module modesetting: vendor="X.Org Foundation"
[    58.898] 	compiled for 1.20.1, module version = 1.20.1
[    58.898] 	Module class: X.Org Video Driver
[    58.898] 	ABI class: X.Org Video Driver, version 24.0
[    58.898] (II) LoadModule: "fbdev"
[    58.898] (II) Loading /usr/lib/xorg/modules/drivers/fbdev_drv.so
[    58.903] (II) Module fbdev: vendor="X.Org Foundation"
[    58.903] 	compiled for 1.20.1, module version = 0.5.0
[    58.904] 	Module class: X.Org Video Driver
[    58.904] 	ABI class: X.Org Video Driver, version 24.0
[    58.904] (II) LoadModule: "vesa"
[    58.904] (II) Loading /usr/lib/xorg/modules/drivers/vesa_drv.so
[    58.912] (II) Module vesa: vendor="X.Org Foundation"
[    58.912] 	compiled for 1.20.1, module version = 2.4.0
[    58.912] 	Module class: X.Org Video Driver
[    58.912] 	ABI class: X.Org Video Driver, version 24.0
[    58.912] (II) vmware: driver for VMware SVGA: vmware0405, vmware0710
[    58.912] (II) modesetting: Driver for Modesetting Kernel Drivers: kms
[    58.912] (II) FBDEV: driver for framebuffer: fbdev
[    58.912] (II) VESA: driver for VESA chipsets: vesa
[    58.913] xf86EnableIOPorts: failed to set IOPL for I/O (Operation not permitted)
[    58.913] (WW) Falling back to old probe method for modesetting
[    58.913] (WW) Falling back to old probe method for fbdev
[    58.913] (II) Loading sub module "fbdevhw"
[    58.913] (II) LoadModule: "fbdevhw"
[    58.913] (II) Loading /usr/lib/xorg/modules/libfbdevhw.so
[    58.922] (II) Module fbdevhw: vendor="X.Org Foundation"
[    58.922] 	compiled for 1.20.1, module version = 0.0.2
[    58.922] 	ABI class: X.Org Video Driver, version 24.0
[    58.922] (EE) open /dev/fb0: Permission denied
[    58.922] (WW) VGA arbiter: cannot open kernel arbiter, no multi-card support
[    58.922] (II) vmware(0): Creating default Display subsection in Screen section
	"Default Screen Section" for depth/fbbpp 24/32
[    58.922] (--) vmware(0): DRM driver version is 2.14.1
[    58.922] (==) vmware(0): Depth 24, (--) framebuffer bpp 32
[    58.922] (==) vmware(0): RGB weight 888
[    58.922] (==) vmware(0): Default visual is TrueColor
[    58.922] (--) vmware(0): Min width 1, Max Width 8192.
[    58.922] (--) vmware(0): Min height 1, Max Height 8192.
[    58.922] (II) vmware(0): Output Virtual1 has no monitor section
[    58.922] (II) vmware(0): Output Virtual2 has no monitor section
[    58.922] (II) vmware(0): Output Virtual3 has no monitor section
[    58.922] (II) vmware(0): Output Virtual4 has no monitor section
[    58.922] (II) vmware(0): Output Virtual5 has no monitor section
[    58.922] (II) vmware(0): Output Virtual6 has no monitor section
[    58.922] (II) vmware(0): Output Virtual7 has no monitor section
[    58.922] (II) vmware(0): Output Virtual8 has no monitor section
[    58.922] (II) vmware(0): Printing probed modes for output Virtual1
[    58.922] (II) vmware(0): Modeline "800x600"x60.0   42.75  800 850 900 950  600 650 700 750 -hsync +vsync (45.0 kHz eP)
[    58.922] (II) vmware(0): Modeline "2560x1600"x60.0  348.50  2560 2752 3032 3504  1600 1603 1609 1658 -hsync +vsync (99.5 kHz e)
[    58.922] (II) vmware(0): Modeline "1920x1440"x60.0  234.00  1920 2048 2256 2600  1440 1441 1444 1500 -hsync +vsync (90.0 kHz e)
[    58.922] (II) vmware(0): Modeline "1856x1392"x60.0  218.25  1856 1952 2176 2528  1392 1393 1396 1439 -hsync +vsync (86.3 kHz e)
[    58.922] (II) vmware(0): Modeline "1792x1344"x60.0  204.75  1792 1920 2120 2448  1344 1345 1348 1394 -hsync +vsync (83.6 kHz e)
[    58.922] (II) vmware(0): Modeline "1920x1200"x59.9  193.25  1920 2056 2256 2592  1200 1203 1209 1245 -hsync +vsync (74.6 kHz e)
[    58.922] (II) vmware(0): Modeline "1600x1200"x60.0  162.00  1600 1664 1856 2160  1200 1201 1204 1250 +hsync +vsync (75.0 kHz e)
[    58.922] (II) vmware(0): Modeline "1680x1050"x60.0  146.25  1680 1784 1960 2240  1050 1053 1059 1089 -hsync +vsync (65.3 kHz e)
[    58.922] (II) vmware(0): Modeline "1400x1050"x60.0  121.75  1400 1488 1632 1864  1050 1053 1057 1089 -hsync +vsync (65.3 kHz e)
[    58.922] (II) vmware(0): Modeline "1280x1024"x60.0  108.00  1280 1328 1440 1688  1024 1025 1028 1066 +hsync +vsync (64.0 kHz e)
[    58.922] (II) vmware(0): Modeline "1440x900"x59.9  106.50  1440 1520 1672 1904  900 903 909 934 -hsync +vsync (55.9 kHz e)
[    58.922] (II) vmware(0): Modeline "1280x960"x60.0  108.00  1280 1376 1488 1800  960 961 964 1000 +hsync +vsync (60.0 kHz e)
[    58.922] (II) vmware(0): Modeline "1360x768"x60.0   85.50  1360 1424 1536 1792  768 771 777 795 +hsync +vsync (47.7 kHz e)
[    58.922] (II) vmware(0): Modeline "1280x800"x59.8   83.50  1280 1352 1480 1680  800 803 809 831 +hsync -vsync (49.7 kHz e)
[    58.922] (II) vmware(0): Modeline "1152x864"x75.0  108.00  1152 1216 1344 1600  864 865 868 900 +hsync +vsync (67.5 kHz e)
[    58.922] (II) vmware(0): Modeline "1280x768"x59.9   79.50  1280 1344 1472 1664  768 771 778 798 -hsync +vsync (47.8 kHz e)
[    58.922] (II) vmware(0): Modeline "1024x768"x60.0   65.00  1024 1048 1184 1344  768 771 777 806 -hsync -vsync (48.4 kHz e)
[    58.922] (II) vmware(0): Modeline "800x600"x60.3   40.00  800 840 968 1056  600 601 605 628 +hsync +vsync (37.9 kHz e)
[    58.922] (II) vmware(0): Modeline "640x480"x59.9   25.18  640 656 752 800  480 489 492 525 -hsync -vsync (31.5 kHz e)
[    58.922] (II) vmware(0): EDID for output Virtual2
[    58.922] (II) vmware(0): EDID for output Virtual3
[    58.922] (II) vmware(0): EDID for output Virtual4
[    58.922] (II) vmware(0): EDID for output Virtual5
[    58.922] (II) vmware(0): EDID for output Virtual6
[    58.922] (II) vmware(0): EDID for output Virtual7
[    58.922] (II) vmware(0): EDID for output Virtual8
[    58.922] (II) vmware(0): Output Virtual1 connected
[    58.922] (II) vmware(0): Output Virtual2 disconnected
[    58.922] (II) vmware(0): Output Virtual3 disconnected
[    58.922] (II) vmware(0): Output Virtual4 disconnected
[    58.922] (II) vmware(0): Output Virtual5 disconnected
[    58.922] (II) vmware(0): Output Virtual6 disconnected
[    58.922] (II) vmware(0): Output Virtual7 disconnected
[    58.922] (II) vmware(0): Output Virtual8 disconnected
[    58.922] (II) vmware(0): Using exact sizes for initial modes
[    58.922] (II) vmware(0): Output Virtual1 using initial mode 800x600 +0+0
[    58.922] (==) vmware(0): DPI set to (96, 96)
[    58.923] (==) vmware(0): Using gamma correction (1.0, 1.0, 1.0)
[    58.923] (II) Loading sub module "fb"
[    58.923] (II) LoadModule: "fb"
[    58.923] (II) Loading /usr/lib/xorg/modules/libfb.so
[    58.938] (II) Module fb: vendor="X.Org Foundation"
[    58.938] 	compiled for 1.20.1, module version = 1.0.0
[    58.938] 	ABI class: X.Org ANSI C Emulation, version 0.4
[    58.938] (II) Loading sub module "dri2"
[    58.938] (II) LoadModule: "dri2"
[    58.938] (II) Module "dri2" already built-in
[    58.938] (II) Loading sub module "dri3"
[    58.938] (II) LoadModule: "dri3"
[    58.938] (II) Module "dri3" already built-in
[    58.938] (II) UnloadModule: "modesetting"
[    58.938] (II) Unloading modesetting
[    58.938] (II) UnloadModule: "fbdev"
[    58.938] (II) Unloading fbdev
[    58.938] (II) UnloadSubModule: "fbdevhw"
[    58.938] (II) Unloading fbdevhw
[    58.938] (II) UnloadModule: "vesa"
[    58.938] (II) Unloading vesa
[    58.944] (II) vmware(0): Initialized VMWARE_CTRL extension version 0.2
[    58.969] (II) vmware(0): Gallium3D XA version: 2.4.0.
[    58.969] (II) vmware(0): Path of drm device is "/dev/dri/card0".
[    58.969] (II) vmware(0): [DRI2] Setup complete
[    58.969] (II) vmware(0): [DRI2]   DRI driver: vmwgfx
[    59.652] (--) vmware(0): Render acceleration is enabled.
[    59.652] (==) vmware(0): Rendercheck mode is disabled.
[    59.653] (--) vmware(0): Direct rendering (DRI2 3D) is enabled.
[    59.653] (--) vmware(0): Direct rendering (DRI3 3D) is enabled.
[    59.653] (==) vmware(0): Direct presents are disabled.
[    59.653] (==) vmware(0): Hardware only presents are automatic per scanout.
[    59.653] (==) vmware(0): Backing store enabled
[    59.654] (==) vmware(0): Silken mouse enabled
[    59.656] (==) vmware(0): DPMS enabled
[    59.656] (II) Initializing extension Generic Event Extension
[    59.656] (II) Initializing extension SHAPE
[    59.657] (II) Initializing extension MIT-SHM
[    59.657] (II) Initializing extension XInputExtension
[    59.658] (II) Initializing extension XTEST
[    59.658] (II) Initializing extension BIG-REQUESTS
[    59.658] (II) Initializing extension SYNC
[    59.658] (II) Initializing extension XKEYBOARD
[    59.659] (II) Initializing extension XC-MISC
[    59.659] (II) Initializing extension SECURITY
[    59.659] (II) Initializing extension XFIXES
[    59.659] (II) Initializing extension RENDER
[    59.659] (II) Initializing extension RANDR
[    59.660] (II) Initializing extension COMPOSITE
[    59.660] (II) Initializing extension DAMAGE
[    59.660] (II) Initializing extension MIT-SCREEN-SAVER
[    59.660] (II) Initializing extension DOUBLE-BUFFER
[    59.661] (II) Initializing extension RECORD
[    59.661] (II) Initializing extension DPMS
[    59.661] (II) Initializing extension Present
[    59.661] (II) Initializing extension DRI3
[    59.661] (II) Initializing extension X-Resource
[    59.662] (II) Initializing extension XVideo
[    59.662] (II) Initializing extension XVideo-MotionCompensation
[    59.662] (II) Initializing extension SELinux
[    59.662] (II) SELinux: Disabled on system
[    59.662] (II) Initializing extension GLX
[    59.682] (II) AIGLX: Loaded and initialized vmwgfx
[    59.682] (II) GLX: Initialized DRI2 GL provider for screen 0
[    59.683] (II) Initializing extension XFree86-VidModeExtension
[    59.683] (II) Initializing extension XFree86-DGA
[    59.683] (II) Initializing extension XFree86-DRI
[    59.683] (II) Initializing extension DRI2
[    59.684] (II) vmware(0): Setting screen physical size to 211 x 158
[    59.729] (II) config/udev: Adding input device Power Button (/dev/input/event0)
[    59.729] (**) Power Button: Applying InputClass "libinput keyboard catchall"
[    59.729] (II) LoadModule: "libinput"
[    59.729] (II) Loading /usr/lib/xorg/modules/input/libinput_drv.so
[    59.764] (II) Module libinput: vendor="X.Org Foundation"
[    59.764] 	compiled for 1.20.1, module version = 0.28.1
[    59.764] 	Module class: X.Org XInput Driver
[    59.764] 	ABI class: X.Org XInput driver, version 24.1
[    59.764] (II) Using input driver 'libinput' for 'Power Button'
[    59.773] (II) systemd-logind: got fd for /dev/input/event0 13:64 fd 24 paused 0
[    59.773] (**) Power Button: always reports core events
[    59.773] (**) Option "Device" "/dev/input/event0"
[    59.773] (**) Option "_source" "server/udev"
[    59.774] (II) event0  - Power Button: is tagged by udev as: Keyboard
[    59.774] (II) event0  - Power Button: device is a keyboard
[    59.774] (II) event0  - Power Button: device removed
[    59.774] (**) Option "config_info" "udev:/sys/devices/LNXSYSTM:00/LNXPWRBN:00/input/input0/event0"
[    59.775] (II) XINPUT: Adding extended input device "Power Button" (type: KEYBOARD, id 6)
[    59.775] (**) Option "xkb_model" "SKIP"
[    59.775] (**) Option "xkb_layout" "us"
[    59.802] (II) event0  - Power Button: is tagged by udev as: Keyboard
[    59.802] (II) event0  - Power Button: device is a keyboard
[    59.803] (II) config/udev: Adding input device VMware VMware Virtual USB Mouse (/dev/input/event4)
[    59.803] (**) VMware VMware Virtual USB Mouse: Applying InputClass "libinput pointer catchall"
[    59.803] (II) Using input driver 'libinput' for 'VMware VMware Virtual USB Mouse'
[    59.880] (II) systemd-logind: got fd for /dev/input/event4 13:68 fd 27 paused 0
[    59.880] (**) VMware VMware Virtual USB Mouse: always reports core events
[    59.880] (**) Option "Device" "/dev/input/event4"
[    59.881] (**) Option "_source" "server/udev"
[    59.888] (II) event4  - VMware VMware Virtual USB Mouse: is tagged by udev as: Mouse
[    59.889] (II) event4  - VMware VMware Virtual USB Mouse: device is a pointer
[    59.889] (II) event4  - VMware VMware Virtual USB Mouse: device removed
[    59.892] (**) Option "config_info" "udev:/sys/devices/pci0000:00/0000:00:11.0/0000:02:00.0/usb2/2-1/2-1:1.0/0003:0E0F:0003.0001/input/input5/event4"
[    59.893] (II) XINPUT: Adding extended input device "VMware VMware Virtual USB Mouse" (type: MOUSE, id 7)
[    59.895] (**) Option "AccelerationScheme" "none"
[    59.896] (**) VMware VMware Virtual USB Mouse: (accel) selected scheme none/0
[    59.896] (**) VMware VMware Virtual USB Mouse: (accel) acceleration factor: 2.000
[    59.896] (**) VMware VMware Virtual USB Mouse: (accel) acceleration threshold: 4
[    59.900] (II) event4  - VMware VMware Virtual USB Mouse: is tagged by udev as: Mouse
[    59.900] (II) event4  - VMware VMware Virtual USB Mouse: device is a pointer
[    59.901] (II) config/udev: Adding input device VMware VMware Virtual USB Mouse (/dev/input/mouse2)
[    59.902] (II) No input driver specified, ignoring this device.
[    59.902] (II) This device may have been added with another device file.
[    59.904] (II) config/udev: Adding input device AT Translated Set 2 keyboard (/dev/input/event1)
[    59.905] (**) AT Translated Set 2 keyboard: Applying InputClass "libinput keyboard catchall"
[    59.905] (II) Using input driver 'libinput' for 'AT Translated Set 2 keyboard'
[    59.908] (II) systemd-logind: got fd for /dev/input/event1 13:65 fd 28 paused 0
[    59.908] (**) AT Translated Set 2 keyboard: always reports core events
[    59.908] (**) Option "Device" "/dev/input/event1"
[    59.909] (**) Option "_source" "server/udev"
[    59.910] (II) event1  - AT Translated Set 2 keyboard: is tagged by udev as: Keyboard
[    59.910] (II) event1  - AT Translated Set 2 keyboard: device is a keyboard
[    59.911] (II) event1  - AT Translated Set 2 keyboard: device removed
[    59.911] (**) Option "config_info" "udev:/sys/devices/platform/i8042/serio0/input/input1/event1"
[    59.912] (II) XINPUT: Adding extended input device "AT Translated Set 2 keyboard" (type: KEYBOARD, id 8)
[    59.912] (**) Option "xkb_model" "SKIP"
[    59.912] (**) Option "xkb_layout" "us"
[    59.915] (II) event1  - AT Translated Set 2 keyboard: is tagged by udev as: Keyboard
[    59.915] (II) event1  - AT Translated Set 2 keyboard: device is a keyboard
[    59.918] (II) config/udev: Adding input device VirtualPS/2 VMware VMMouse (/dev/input/event3)
[    59.918] (**) VirtualPS/2 VMware VMMouse: Applying InputClass "libinput pointer catchall"
[    59.918] (II) Using input driver 'libinput' for 'VirtualPS/2 VMware VMMouse'
[    59.920] (II) systemd-logind: got fd for /dev/input/event3 13:67 fd 29 paused 0
[    59.920] (**) VirtualPS/2 VMware VMMouse: always reports core events
[    59.921] (**) Option "Device" "/dev/input/event3"
[    59.921] (**) Option "_source" "server/udev"
[    59.922] (II) event3  - VirtualPS/2 VMware VMMouse: is tagged by udev as: Mouse
[    59.922] (II) event3  - VirtualPS/2 VMware VMMouse: device is a pointer
[    59.922] (II) event3  - VirtualPS/2 VMware VMMouse: device removed
[    59.922] (**) Option "config_info" "udev:/sys/devices/platform/i8042/serio1/input/input3/event3"
[    59.924] (II) XINPUT: Adding extended input device "VirtualPS/2 VMware VMMouse" (type: MOUSE, id 9)
[    59.926] (**) Option "AccelerationScheme" "none"
[    59.926] (**) VirtualPS/2 VMware VMMouse: (accel) selected scheme none/0
[    59.926] (**) VirtualPS/2 VMware VMMouse: (accel) acceleration factor: 2.000
[    59.926] (**) VirtualPS/2 VMware VMMouse: (accel) acceleration threshold: 4
[    59.926] (II) event3  - VirtualPS/2 VMware VMMouse: is tagged by udev as: Mouse
[    59.926] (II) event3  - VirtualPS/2 VMware VMMouse: device is a pointer
[    59.927] (II) config/udev: Adding input device VirtualPS/2 VMware VMMouse (/dev/input/mouse1)
[    59.927] (II) No input driver specified, ignoring this device.
[    59.927] (II) This device may have been added with another device file.
[    59.928] (II) config/udev: Adding input device VirtualPS/2 VMware VMMouse (/dev/input/event2)
[    59.928] (**) VirtualPS/2 VMware VMMouse: Applying InputClass "libinput pointer catchall"
[    59.928] (II) Using input driver 'libinput' for 'VirtualPS/2 VMware VMMouse'
[    59.930] (II) systemd-logind: got fd for /dev/input/event2 13:66 fd 30 paused 0
[    59.930] (**) VirtualPS/2 VMware VMMouse: always reports core events
[    59.930] (**) Option "Device" "/dev/input/event2"
[    59.930] (**) Option "_source" "server/udev"
[    59.931] (II) event2  - VirtualPS/2 VMware VMMouse: is tagged by udev as: Mouse
[    59.931] (II) event2  - VirtualPS/2 VMware VMMouse: device is a pointer
[    59.931] (II) event2  - VirtualPS/2 VMware VMMouse: device removed
[    59.931] (**) Option "config_info" "udev:/sys/devices/platform/i8042/serio1/input/input4/event2"
[    59.932] (II) XINPUT: Adding extended input device "VirtualPS/2 VMware VMMouse" (type: MOUSE, id 10)
[    59.932] (**) Option "AccelerationScheme" "none"
[    59.933] (**) VirtualPS/2 VMware VMMouse: (accel) selected scheme none/0
[    59.933] (**) VirtualPS/2 VMware VMMouse: (accel) acceleration factor: 2.000
[    59.933] (**) VirtualPS/2 VMware VMMouse: (accel) acceleration threshold: 4
[    59.933] (II) event2  - VirtualPS/2 VMware VMMouse: is tagged by udev as: Mouse
[    59.933] (II) event2  - VirtualPS/2 VMware VMMouse: device is a pointer
[    59.935] (II) config/udev: Adding input device VirtualPS/2 VMware VMMouse (/dev/input/mouse0)
[    59.935] (II) No input driver specified, ignoring this device.
[    59.935] (II) This device may have been added with another device file.
[   240.279] (EE) client bug: timer event2 debounce: offset negative (-6ms)
[   240.317] (EE) client bug: timer event2 debounce short: offset negative (-97ms)
[   571.948] (EE) client bug: timer event2 debounce: offset negative (-241ms)
[   572.229] (EE) client bug: timer event2 debounce: offset negative (-459ms)
[   572.229] (EE) client bug: timer event2 debounce short: offset negative (-472ms)
[   745.738] (EE) client bug: timer event2 debounce: offset negative (-21ms)
[   745.978] (EE) client bug: timer event2 debounce: offset negative (-208ms)
[   745.978] (EE) client bug: timer event2 debounce short: offset negative (-221ms)
